22:32:03.202 [background-preinit] INFO  org.hibernate.validator.internal.util.Version - HV000001: Hibernate Validator 6.1.7.Final
22:32:03.251 [main] INFO  com.xust.NmsApplication - Starting NmsApplication using Java 1.8.0_25 on YUNSHUAIWEI with PID 6128 (E:\JavaCodeIDEA\nms\target\classes started by ysw in E:\JavaCodeIDEA\nms)
22:32:03.258 [main] INFO  com.xust.NmsApplication - No active profile set, falling back to default profiles: default
22:32:07.956 [main] INFO  org.apache.coyote.http11.Http11NioProtocol - Initializing ProtocolHandler ["http-nio-8989"]
22:32:07.956 [main] INFO  org.apache.catalina.core.StandardService - Starting service [Tomcat]
22:32:07.956 [main] INFO  org.apache.catalina.core.StandardEngine - Starting Servlet engine: [Apache Tomcat/9.0.44]
22:32:08.132 [main] INFO  org.apache.catalina.core.ContainerBase.[Tomcat].[localhost].[/] - Initializing Spring embedded WebApplicationContext
22:32:12.709 [main] INFO  springfox.documentation.spring.web.PropertySourcedRequestMappingHandlerMapping - Mapped URL path [/v2/api-docs] onto method [springfox.documentation.swagger2.web.Swagger2Controller#getDocumentation(String, HttpServletRequest)]
22:32:13.172 [main] INFO  org.apache.coyote.http11.Http11NioProtocol - Starting ProtocolHandler ["http-nio-8989"]
22:32:13.201 [main] INFO  springfox.documentation.spring.web.plugins.DocumentationPluginsBootstrapper - Context refreshed
22:32:13.243 [main] INFO  springfox.documentation.spring.web.plugins.DocumentationPluginsBootstrapper - Found 1 custom documentation plugin(s)
22:32:13.306 [main] INFO  springfox.documentation.spring.web.scanners.ApiListingReferenceScanner - Scanning for api listing references
22:32:13.592 [main] INFO  com.xust.NmsApplication - Started NmsApplication in 13.275 seconds (JVM running for 14.841)
22:32:23.110 [http-nio-8989-exec-1] INFO  org.apache.catalina.core.ContainerBase.[Tomcat].[localhost].[/] - Initializing Spring DispatcherServlet 'dispatcherServlet'
22:32:23.267 [http-nio-8989-exec-2] INFO  com.xust.controller.NmsLoginController - 登录用户信息 LoginForm(username=admin, password=admin)
22:32:23.381 [http-nio-8989-exec-2] INFO  com.zaxxer.hikari.HikariDataSource - HikariPool-1 - Starting...
22:32:24.098 [http-nio-8989-exec-2] INFO  com.zaxxer.hikari.HikariDataSource - HikariPool-1 - Start completed.
22:32:24.888 [http-nio-8989-exec-4] INFO  com.xust.controller.DeviceController - 获取设备信息，请求的IP地址为：null
22:32:24.888 [http-nio-8989-exec-4] INFO  com.xust.service.impl.DeviceServiceImpl - getDevicesInfo()方法执行。。。
22:32:24.888 [http-nio-8989-exec-4] INFO  com.xust.common.utils.SnmpManager - 获取系统CPU数据，IP地址为：127.0.0.1
22:32:24.953 [http-nio-8989-exec-4] INFO  com.xust.common.utils.SnmpManager - 获取系统内存数据，IP地址为：127.0.0.1
22:32:24.996 [http-nio-8989-exec-4] INFO  com.xust.common.utils.SnmpManager - 获取系统磁盘数据，IP地址为：127.0.0.1
22:32:25.035 [http-nio-8989-exec-4] INFO  com.xust.common.utils.SnmpManager - ----磁盘:C:\ Label:  Serial Number ded9d4c7----磁盘大小为:221G----磁盘使用率为:57%
22:32:25.036 [http-nio-8989-exec-4] INFO  com.xust.common.utils.SnmpManager - ----磁盘:44:3a:5c:20:4c:61:62:65:6c:3a:b1:be:b5:d8:b4:c5:c5:cc:20:20:53:65:72:69:61:6c:20:4e:75:6d:62:65:72:20:61:38:65:30:64:34:34:61----磁盘大小为:99G----磁盘使用率为:50%
22:32:25.036 [http-nio-8989-exec-4] INFO  com.xust.common.utils.SnmpManager - ----磁盘:E:\ Label:  Serial Number aec0d3e4----磁盘大小为:273G----磁盘使用率为:61%
22:32:25.036 [http-nio-8989-exec-4] INFO  com.xust.common.utils.SnmpManager - ----磁盘:F:\ Label:  Serial Number dffa25----磁盘大小为:273G----磁盘使用率为:24%
22:32:25.036 [http-nio-8989-exec-4] INFO  com.xust.common.utils.SnmpManager - ----磁盘:G:\ Label:  Serial Number 9af48454----磁盘大小为:270G----磁盘使用率为:0%
22:32:25.036 [http-nio-8989-exec-4] INFO  com.xust.common.utils.SnmpManager - 获取系统运行时间，IP地址为：127.0.0.1
22:32:25.045 [http-nio-8989-exec-4] INFO  com.xust.common.utils.SnmpUtils - [true] targetOID.leftMostCompare() != 0
22:32:37.284 [http-nio-8989-exec-6] INFO  com.xust.controller.UserController - 获取用户列表,query= ,pageNum= 1,pageSize= 50
22:32:40.754 [http-nio-8989-exec-8] INFO  com.xust.service.impl.InterfacesServiceImpl - getInterfacesInfo()接口,IP地址为 
22:32:42.615 [http-nio-8989-exec-9] INFO  com.xust.service.impl.DeviceServiceImpl - getDeviceInfo()方法执行，获取系统运行时间和接口速率。。
22:32:42.615 [http-nio-8989-exec-9] INFO  com.xust.common.utils.SnmpManager - 获取系统运行时间，IP地址为：127.0.0.1
22:32:42.618 [http-nio-8989-exec-9] INFO  com.xust.common.utils.SnmpUtils - [true] targetOID.leftMostCompare() != 0
22:32:42.644 [http-nio-8989-exec-2] INFO  com.xust.service.impl.DeviceServiceImpl - getDeviceInfo()方法执行，获取系统运行时间和接口速率。。
22:32:42.645 [http-nio-8989-exec-2] INFO  com.xust.common.utils.SnmpManager - 获取系统运行时间，IP地址为：127.0.0.1
22:32:42.651 [http-nio-8989-exec-2] INFO  com.xust.common.utils.SnmpUtils - [true] targetOID.leftMostCompare() != 0
22:33:57.792 [http-nio-8989-exec-8] INFO  com.xust.service.impl.InterfacesServiceImpl - getInterfacesInfo()接口,IP地址为 
22:33:58.436 [http-nio-8989-exec-10] INFO  com.xust.service.impl.DeviceServiceImpl - getDeviceInfo()方法执行，获取系统运行时间和接口速率。。
22:33:58.437 [http-nio-8989-exec-10] INFO  com.xust.common.utils.SnmpManager - 获取系统运行时间，IP地址为：127.0.0.1
22:33:58.441 [http-nio-8989-exec-10] INFO  com.xust.common.utils.SnmpUtils - [true] targetOID.leftMostCompare() != 0
22:33:58.552 [http-nio-8989-exec-2] INFO  com.xust.service.impl.DeviceServiceImpl - getDeviceInfo()方法执行，获取系统运行时间和接口速率。。
22:33:58.553 [http-nio-8989-exec-2] INFO  com.xust.common.utils.SnmpManager - 获取系统运行时间，IP地址为：127.0.0.1
22:33:58.559 [http-nio-8989-exec-2] INFO  com.xust.common.utils.SnmpUtils - [true] targetOID.leftMostCompare() != 0
22:33:58.771 [http-nio-8989-exec-4] INFO  com.xust.common.utils.SnmpManager - 获取系统运行时间，IP地址为：127.0.0.1
22:33:58.773 [http-nio-8989-exec-4] INFO  com.xust.common.utils.SnmpUtils - [true] targetOID.leftMostCompare() != 0
22:33:58.804 [http-nio-8989-exec-4] INFO  com.xust.handler.MyMetaObjectHandler - start insert fill...
22:33:58.977 [http-nio-8989-exec-5] INFO  com.xust.service.impl.DeviceServiceImpl - getDeviceInfo()方法执行，获取系统运行时间和接口速率。。
22:33:58.977 [http-nio-8989-exec-5] INFO  com.xust.common.utils.SnmpManager - 获取系统运行时间，IP地址为：127.0.0.1
22:33:58.984 [http-nio-8989-exec-5] INFO  com.xust.common.utils.SnmpUtils - [true] targetOID.leftMostCompare() != 0
22:33:59.022 [http-nio-8989-exec-1] INFO  com.xust.service.impl.DeviceServiceImpl - getDeviceInfo()方法执行，获取系统运行时间和接口速率。。
22:33:59.023 [http-nio-8989-exec-1] INFO  com.xust.common.utils.SnmpManager - 获取系统运行时间，IP地址为：127.0.0.1
22:33:59.032 [http-nio-8989-exec-1] INFO  com.xust.common.utils.SnmpUtils - [true] targetOID.leftMostCompare() != 0
22:33:59.268 [http-nio-8989-exec-2] INFO  com.xust.service.impl.InterfacesServiceImpl - getInterfacesInfo()接口,IP地址为 
22:35:00.012 [scheduling-1] INFO  com.xust.service.impl.InterfacesServiceImpl - [定时任务]——>每分钟执行一次------getIpAddress()
22:35:00.064 [scheduling-1] INFO  com.xust.service.impl.InterfacesServiceImpl - getInterfacesData() 更新数据库中的接口数据
22:35:00.156 [scheduling-1] INFO  com.xust.common.utils.SnmpManager - 获取系统所有接口MAC地址，IP地址为：127.0.0.1
22:35:00.186 [scheduling-1] INFO  com.xust.common.utils.SnmpUtils - [true] targetOID.leftMostCompare() != 0
22:35:00.245 [scheduling-1] INFO  com.xust.handler.MyMetaObjectHandler - start insert fill...
22:35:00.364 [scheduling-1] INFO  com.xust.handler.MyMetaObjectHandler - start insert fill...
22:35:00.514 [scheduling-1] INFO  com.xust.handler.MyMetaObjectHandler - start insert fill...
22:35:00.652 [scheduling-1] INFO  com.xust.handler.MyMetaObjectHandler - start insert fill...
22:35:00.775 [scheduling-1] INFO  com.xust.handler.MyMetaObjectHandler - start insert fill...
22:35:00.919 [scheduling-1] INFO  com.xust.handler.MyMetaObjectHandler - start insert fill...
22:35:01.049 [scheduling-1] INFO  com.xust.handler.MyMetaObjectHandler - start insert fill...
22:35:01.179 [scheduling-1] INFO  com.xust.handler.MyMetaObjectHandler - start insert fill...
22:35:01.307 [scheduling-1] INFO  com.xust.handler.MyMetaObjectHandler - start insert fill...
22:35:01.440 [scheduling-1] INFO  com.xust.handler.MyMetaObjectHandler - start insert fill...
22:35:02.070 [scheduling-1] INFO  com.xust.handler.MyMetaObjectHandler - start insert fill...
22:35:02.400 [scheduling-1] INFO  com.xust.handler.MyMetaObjectHandler - start insert fill...
22:35:02.727 [scheduling-1] INFO  com.xust.handler.MyMetaObjectHandler - start insert fill...
22:35:02.908 [scheduling-1] INFO  com.xust.handler.MyMetaObjectHandler - start insert fill...
22:35:03.083 [scheduling-1] INFO  com.xust.handler.MyMetaObjectHandler - start insert fill...
22:35:03.551 [scheduling-1] INFO  com.xust.handler.MyMetaObjectHandler - start insert fill...
22:35:03.665 [scheduling-1] INFO  com.xust.handler.MyMetaObjectHandler - start insert fill...
22:35:03.765 [scheduling-1] INFO  com.xust.handler.MyMetaObjectHandler - start insert fill...
22:35:03.889 [scheduling-1] INFO  com.xust.handler.MyMetaObjectHandler - start insert fill...
22:35:03.994 [scheduling-1] INFO  com.xust.handler.MyMetaObjectHandler - start insert fill...
22:35:04.108 [scheduling-1] INFO  com.xust.handler.MyMetaObjectHandler - start insert fill...
22:35:04.217 [scheduling-1] INFO  com.xust.handler.MyMetaObjectHandler - start insert fill...
22:35:04.673 [scheduling-1] INFO  com.xust.handler.MyMetaObjectHandler - start insert fill...
22:35:04.797 [scheduling-1] INFO  com.xust.handler.MyMetaObjectHandler - start insert fill...
22:35:04.904 [scheduling-1] INFO  com.xust.handler.MyMetaObjectHandler - start insert fill...
22:35:05.144 [scheduling-1] INFO  com.xust.handler.MyMetaObjectHandler - start insert fill...
22:35:05.696 [scheduling-1] INFO  com.xust.handler.MyMetaObjectHandler - start insert fill...
22:35:05.911 [scheduling-1] INFO  com.xust.handler.MyMetaObjectHandler - start insert fill...
22:35:06.022 [scheduling-1] INFO  com.xust.handler.MyMetaObjectHandler - start insert fill...
22:35:06.133 [scheduling-1] INFO  com.xust.handler.MyMetaObjectHandler - start insert fill...
22:35:06.285 [scheduling-1] INFO  com.xust.handler.MyMetaObjectHandler - start insert fill...
22:35:06.416 [scheduling-1] INFO  com.xust.handler.MyMetaObjectHandler - start insert fill...
22:35:06.526 [scheduling-1] INFO  com.xust.handler.MyMetaObjectHandler - start insert fill...
22:35:06.645 [scheduling-1] INFO  com.xust.handler.MyMetaObjectHandler - start insert fill...
22:35:06.762 [scheduling-1] INFO  com.xust.handler.MyMetaObjectHandler - start insert fill...
22:35:07.227 [scheduling-1] INFO  com.xust.handler.MyMetaObjectHandler - start insert fill...
22:35:07.498 [scheduling-1] INFO  com.xust.handler.MyMetaObjectHandler - start insert fill...
22:35:07.827 [scheduling-1] INFO  com.xust.handler.MyMetaObjectHandler - start insert fill...
22:35:07.994 [scheduling-1] INFO  com.xust.handler.MyMetaObjectHandler - start insert fill...
22:35:08.109 [scheduling-1] INFO  com.xust.handler.MyMetaObjectHandler - start insert fill...
22:35:08.226 [scheduling-1] INFO  com.xust.handler.MyMetaObjectHandler - start insert fill...
22:35:08.328 [scheduling-1] INFO  com.xust.handler.MyMetaObjectHandler - start insert fill...
22:35:08.434 [scheduling-1] INFO  com.xust.handler.MyMetaObjectHandler - start insert fill...
22:35:08.533 [scheduling-1] INFO  com.xust.handler.MyMetaObjectHandler - start insert fill...
22:35:08.639 [scheduling-1] INFO  com.xust.handler.MyMetaObjectHandler - start insert fill...
22:35:08.748 [scheduling-1] INFO  com.xust.handler.MyMetaObjectHandler - start insert fill...
22:35:08.894 [scheduling-1] INFO  com.xust.handler.MyMetaObjectHandler - start insert fill...
22:35:09.148 [scheduling-1] INFO  com.xust.handler.MyMetaObjectHandler - start insert fill...
22:35:09.412 [scheduling-1] INFO  com.xust.handler.MyMetaObjectHandler - start insert fill...
22:35:09.558 [scheduling-1] INFO  com.xust.handler.MyMetaObjectHandler - start insert fill...
22:35:09.901 [scheduling-1] INFO  com.xust.handler.MyMetaObjectHandler - start insert fill...
22:35:10.021 [scheduling-1] INFO  com.xust.handler.MyMetaObjectHandler - start insert fill...
22:35:10.134 [scheduling-1] INFO  com.xust.handler.MyMetaObjectHandler - start insert fill...
22:35:10.239 [scheduling-1] INFO  com.xust.handler.MyMetaObjectHandler - start insert fill...
22:35:10.344 [scheduling-1] INFO  com.xust.handler.MyMetaObjectHandler - start insert fill...
22:35:10.447 [scheduling-1] INFO  com.xust.handler.MyMetaObjectHandler - start insert fill...
22:35:10.557 [scheduling-1] INFO  com.xust.handler.MyMetaObjectHandler - start insert fill...
22:35:10.658 [scheduling-1] INFO  com.xust.handler.MyMetaObjectHandler - start insert fill...
22:35:10.774 [scheduling-1] INFO  com.xust.handler.MyMetaObjectHandler - start insert fill...
22:35:11.306 [scheduling-1] INFO  com.xust.handler.MyMetaObjectHandler - start insert fill...
22:35:11.886 [scheduling-1] INFO  com.xust.handler.MyMetaObjectHandler - start insert fill...
22:35:12.034 [scheduling-1] INFO  com.xust.handler.MyMetaObjectHandler - start insert fill...
22:35:12.190 [scheduling-1] INFO  com.xust.handler.MyMetaObjectHandler - start insert fill...
22:35:12.315 [scheduling-1] INFO  com.xust.handler.MyMetaObjectHandler - start insert fill...
22:35:12.445 [scheduling-1] INFO  com.xust.handler.MyMetaObjectHandler - start insert fill...
22:35:12.547 [scheduling-1] INFO  com.xust.handler.MyMetaObjectHandler - start insert fill...
22:35:12.669 [scheduling-1] INFO  com.xust.handler.MyMetaObjectHandler - start insert fill...
22:35:12.783 [scheduling-1] INFO  com.xust.handler.MyMetaObjectHandler - start insert fill...
22:35:12.905 [scheduling-1] INFO  com.xust.handler.MyMetaObjectHandler - start insert fill...
22:35:13.211 [scheduling-1] INFO  com.xust.handler.MyMetaObjectHandler - start insert fill...
22:35:13.416 [scheduling-1] INFO  com.xust.handler.MyMetaObjectHandler - start insert fill...
22:35:13.641 [scheduling-1] INFO  com.xust.handler.MyMetaObjectHandler - start insert fill...
22:35:13.771 [scheduling-1] INFO  com.xust.handler.MyMetaObjectHandler - start insert fill...
22:35:13.935 [scheduling-1] INFO  com.xust.handler.MyMetaObjectHandler - start insert fill...
22:35:14.088 [scheduling-1] INFO  com.xust.handler.MyMetaObjectHandler - start insert fill...
22:35:14.189 [scheduling-1] INFO  com.xust.handler.MyMetaObjectHandler - start insert fill...
22:35:14.248 [scheduling-1] INFO  com.xust.service.impl.InterfacesServiceImpl - getInterfacesData() 更新数据库中的接口数据
22:35:16.256 [scheduling-1] ERROR com.xust.common.utils.SnmpManager - 走访IP为192.168.198.100, OID为1.3.6.1.2.1.2.2.1.1 时超时!
